<?xml version="1.0" encoding="UTF-8"?>
<!-- Generated by org.testng.reporters.JUnitXMLReporter -->
<testsuite ignored="4" hostname="INMFQAIQE" failures="0" tests="8" name="ChromeTest" time="32.022" errors="0" timestamp="2023-05-17T09:06:20 IST">
  <testcase classname="com.makemytrip.testcases.HomePageTest" name="@BeforeMethod setup" time="15.961">
    <failure type="org.openqa.selenium.remote.http.ConnectionFailedException" message="Unable to establish websocket connection to http://localhost:58516/devtools/browser/33f3771d-fa86-4711-9cca-f0a4eb5aaef5
Build info: version: &amp;apos;4.8.0&amp;apos;, revision: &amp;apos;267030adea&amp;apos;
System info: os.name: &amp;apos;Windows 11&amp;apos;, os.arch: &amp;apos;amd64&amp;apos;, os.version: &amp;apos;10.0&amp;apos;, java.version: &amp;apos;17.0.6&amp;apos;
Driver info: driver.version: ChromeDriver">
      <![CDATA[org.openqa.selenium.remote.http.ConnectionFailedException: Unable to establish websocket connection to http://localhost:58516/devtools/browser/33f3771d-fa86-4711-9cca-f0a4eb5aaef5
Build info: version: '4.8.0', revision: '267030adea'
System info: os.name: 'Windows 11', os.arch: 'amd64', os.version: '10.0', java.version: '17.0.6'
Driver info: driver.version: ChromeDriver
at org.openqa.selenium.remote.http.netty.NettyWebSocket.<init>(NettyWebSocket.java:102)
at org.openqa.selenium.remote.http.netty.NettyWebSocket.lambda$create$3(NettyWebSocket.java:128)
at org.openqa.selenium.remote.http.netty.NettyClient.openSocket(NettyClient.java:107)
at org.openqa.selenium.devtools.Connection.<init>(Connection.java:78)
at org.openqa.selenium.chromium.ChromiumDriver.lambda$new$2(ChromiumDriver.java:116)
at java.base/java.util.Optional.map(Optional.java:260)
at org.openqa.selenium.chromium.ChromiumDriver.<init>(ChromiumDriver.java:114)
at org.openqa.selenium.chrome.ChromeDriver.<init>(ChromeDriver.java:82)
at org.openqa.selenium.chrome.ChromeDriver.<init>(ChromeDriver.java:71)
at com.makemytrip.base.BaseClass.launchBrowser(BaseClass.java:55)
at com.makemytrip.testcases.HomePageTest.setup(HomePageTest.java:18)
at java.base/java.util.ArrayList.forEach(ArrayList.java:1511)
... Removed 31 stack frames]]>
    </failure>
  </testcase> <!-- @BeforeMethod setup -->
  <testcase classname="com.makemytrip.testcases.HomePageTest" name="@AfterMethod tearDown" time="-1.684294571237E9">
    <skipped/>
  </testcase> <!-- @AfterMethod tearDown -->
  <testcase classname="com.makemytrip.testcases.HomePageTest" name="@BeforeMethod setup" time="-1.68429457124E9">
    <skipped/>
  </testcase> <!-- @BeforeMethod setup -->
  <testcase classname="com.makemytrip.testcases.HomePageTest" name="@AfterMethod tearDown" time="-1.684294571257E9">
    <skipped/>
  </testcase> <!-- @AfterMethod tearDown -->
  <testcase classname="com.makemytrip.testcases.HomePageTest" name="@BeforeMethod setup" time="-1.684294571259E9">
    <skipped/>
  </testcase> <!-- @BeforeMethod setup -->
  <testcase classname="com.makemytrip.testcases.HomePageTest" name="@AfterMethod tearDown" time="-1.684294571287E9">
    <skipped/>
  </testcase> <!-- @AfterMethod tearDown -->
  <testcase classname="com.makemytrip.testcases.SelectFlightTest" name="@BeforeMethod setup" time="2.902">
    <failure type="org.openqa.selenium.remote.http.ConnectionFailedException" message="Unable to establish websocket connection to http://localhost:58533/devtools/browser/fe267f79-a930-4777-9986-f413cafadb59
Build info: version: &amp;apos;4.8.0&amp;apos;, revision: &amp;apos;267030adea&amp;apos;
System info: os.name: &amp;apos;Windows 11&amp;apos;, os.arch: &amp;apos;amd64&amp;apos;, os.version: &amp;apos;10.0&amp;apos;, java.version: &amp;apos;17.0.6&amp;apos;
Driver info: driver.version: ChromeDriver">
      <![CDATA[org.openqa.selenium.remote.http.ConnectionFailedException: Unable to establish websocket connection to http://localhost:58533/devtools/browser/fe267f79-a930-4777-9986-f413cafadb59
Build info: version: '4.8.0', revision: '267030adea'
System info: os.name: 'Windows 11', os.arch: 'amd64', os.version: '10.0', java.version: '17.0.6'
Driver info: driver.version: ChromeDriver
at org.openqa.selenium.remote.http.netty.NettyWebSocket.<init>(NettyWebSocket.java:102)
at org.openqa.selenium.remote.http.netty.NettyWebSocket.lambda$create$3(NettyWebSocket.java:128)
at org.openqa.selenium.remote.http.netty.NettyClient.openSocket(NettyClient.java:107)
at org.openqa.selenium.devtools.Connection.<init>(Connection.java:78)
at org.openqa.selenium.chromium.ChromiumDriver.lambda$new$2(ChromiumDriver.java:116)
at java.base/java.util.Optional.map(Optional.java:260)
at org.openqa.selenium.chromium.ChromiumDriver.<init>(ChromiumDriver.java:114)
at org.openqa.selenium.chrome.ChromeDriver.<init>(ChromeDriver.java:82)
at org.openqa.selenium.chrome.ChromeDriver.<init>(ChromeDriver.java:71)
at com.makemytrip.base.BaseClass.launchBrowser(BaseClass.java:55)
at com.makemytrip.testcases.SelectFlightTest.setup(SelectFlightTest.java:26)
at java.base/java.util.ArrayList.forEach(ArrayList.java:1511)
... Removed 31 stack frames]]>
    </failure>
  </testcase> <!-- @BeforeMethod setup -->
  <testcase classname="com.makemytrip.testcases.SelectFlightTest" name="@AfterMethod tearDown" time="-1.684294574294E9">
    <skipped/>
  </testcase> <!-- @AfterMethod tearDown -->
  <testcase classname="com.makemytrip.testcases.SelectFlightTest" name="@BeforeMethod setup" time="-1.684294574301E9">
    <skipped/>
  </testcase> <!-- @BeforeMethod setup -->
  <testcase classname="com.makemytrip.testcases.SelectFlightTest" name="@AfterMethod tearDown" time="-1.684294574319E9">
    <skipped/>
  </testcase> <!-- @AfterMethod tearDown -->
  <testcase classname="com.makemytrip.testcases.SelectFlightTest" name="@BeforeMethod setup" time="-1.684294574322E9">
    <skipped/>
  </testcase> <!-- @BeforeMethod setup -->
  <testcase classname="com.makemytrip.testcases.SelectFlightTest" name="@AfterMethod tearDown" time="-1.684294574337E9">
    <skipped/>
  </testcase> <!-- @AfterMethod tearDown -->
  <testcase classname="com.makemytrip.testcases.SearchDateTest" name="@BeforeMethod setup" time="5.065">
    <failure type="org.openqa.selenium.remote.http.ConnectionFailedException" message="Unable to establish websocket connection to http://localhost:58544/devtools/browser/e14066e7-9030-474a-abfd-f8c5eb8d59d9
Build info: version: &amp;apos;4.8.0&amp;apos;, revision: &amp;apos;267030adea&amp;apos;
System info: os.name: &amp;apos;Windows 11&amp;apos;, os.arch: &amp;apos;amd64&amp;apos;, os.version: &amp;apos;10.0&amp;apos;, java.version: &amp;apos;17.0.6&amp;apos;
Driver info: driver.version: ChromeDriver">
      <![CDATA[org.openqa.selenium.remote.http.ConnectionFailedException: Unable to establish websocket connection to http://localhost:58544/devtools/browser/e14066e7-9030-474a-abfd-f8c5eb8d59d9
Build info: version: '4.8.0', revision: '267030adea'
System info: os.name: 'Windows 11', os.arch: 'amd64', os.version: '10.0', java.version: '17.0.6'
Driver info: driver.version: ChromeDriver
at org.openqa.selenium.remote.http.netty.NettyWebSocket.<init>(NettyWebSocket.java:102)
at org.openqa.selenium.remote.http.netty.NettyWebSocket.lambda$create$3(NettyWebSocket.java:128)
at org.openqa.selenium.remote.http.netty.NettyClient.openSocket(NettyClient.java:107)
at org.openqa.selenium.devtools.Connection.<init>(Connection.java:78)
at org.openqa.selenium.chromium.ChromiumDriver.lambda$new$2(ChromiumDriver.java:116)
at java.base/java.util.Optional.map(Optional.java:260)
at org.openqa.selenium.chromium.ChromiumDriver.<init>(ChromiumDriver.java:114)
at org.openqa.selenium.chrome.ChromeDriver.<init>(ChromeDriver.java:82)
at org.openqa.selenium.chrome.ChromeDriver.<init>(ChromeDriver.java:71)
at com.makemytrip.base.BaseClass.launchBrowser(BaseClass.java:55)
at com.makemytrip.testcases.SearchDateTest.setup(SearchDateTest.java:22)
at java.base/java.util.ArrayList.forEach(ArrayList.java:1511)
... Removed 31 stack frames]]>
    </failure>
  </testcase> <!-- @BeforeMethod setup -->
  <testcase classname="com.makemytrip.testcases.SearchDateTest" name="@AfterMethod tearDown" time="-1.68429457941E9">
    <skipped/>
  </testcase> <!-- @AfterMethod tearDown -->
  <testcase classname="com.makemytrip.testcases.SearchDateTest" name="@BeforeMethod setup" time="-1.684294579411E9">
    <skipped/>
  </testcase> <!-- @BeforeMethod setup -->
  <testcase classname="com.makemytrip.testcases.SearchDateTest" name="@AfterMethod tearDown" time="-1.684294579414E9">
    <skipped/>
  </testcase> <!-- @AfterMethod tearDown -->
  <testcase classname="com.makemytrip.testcases.HomePageTest" name="homePageTest" time="0.0">
    <skipped/>
  </testcase> <!-- homePageTest -->
  <testcase classname="com.makemytrip.testcases.HomePageTest" name="homePageTest" time="0.0">
    <skipped/>
  </testcase> <!-- homePageTest -->
  <testcase classname="com.makemytrip.testcases.HomePageTest" name="homePageTest" time="0.0">
    <skipped/>
  </testcase> <!-- homePageTest -->
  <testcase classname="com.makemytrip.testcases.SelectFlightTest" name="selectFlightTest" time="0.0">
    <skipped/>
  </testcase> <!-- selectFlightTest -->
  <testcase classname="com.makemytrip.testcases.SelectFlightTest" name="selectFlightTest" time="0.0">
    <skipped/>
  </testcase> <!-- selectFlightTest -->
  <testcase classname="com.makemytrip.testcases.SelectFlightTest" name="selectFlightTest" time="0.0">
    <skipped/>
  </testcase> <!-- selectFlightTest -->
  <testcase classname="com.makemytrip.testcases.SearchDateTest" name="searchDate" time="0.0">
    <skipped/>
  </testcase> <!-- searchDate -->
  <testcase classname="com.makemytrip.testcases.SearchDateTest" name="searchDate" time="0.0">
    <skipped/>
  </testcase> <!-- searchDate -->
  <testcase classname="com.makemytrip.base.BaseClass" name="@AfterSuite closeBrowser" time="0.0">
    <ignored/>
  </testcase> <!-- @AfterSuite closeBrowser -->
  <testcase classname="com.makemytrip.base.BaseClass" name="@AfterSuite closeBrowser" time="0.0">
    <ignored/>
  </testcase> <!-- @AfterSuite closeBrowser -->
  <testcase classname="com.makemytrip.base.BaseClass" name="@BeforeSuite getDriver" time="0.0">
    <ignored/>
  </testcase> <!-- @BeforeSuite getDriver -->
  <testcase classname="com.makemytrip.base.BaseClass" name="@BeforeSuite getDriver" time="0.0">
    <ignored/>
  </testcase> <!-- @BeforeSuite getDriver -->
</testsuite> <!-- ChromeTest -->
