<?xml version="1.0" encoding="UTF-8"?>
<testng-results ignored="4" total="12" passed="6" failed="2" skipped="0">
  <reporter-output>
    <line>
      <![CDATA[test startedTest]]>
    </line>
    <line>
      <![CDATA[test on started]]>
    </line>
    <line>
      <![CDATA[Page Title is MakeMyTrip - #1 Travel Website 50% OFF on Hotels, Flights & Holiday]]>
    </line>
    <line>
      <![CDATA[test on started]]>
    </line>
    <line>
      <![CDATA[Page Title is MakeMyTrip - #1 Travel Website 50% OFF on Hotels, Flights & Holiday]]>
    </line>
    <line>
      <![CDATA[test on started]]>
    </line>
    <line>
      <![CDATA[Page Title is MakeMyTrip - #1 Travel Website 50% OFF on Hotels, Flights & Holiday]]>
    </line>
    <line>
      <![CDATA[screenshot failure testhomePageTest]]>
    </line>
    <line>
      <![CDATA[test on started]]>
    </line>
    <line>
      <![CDATA[success ]]>
    </line>
    <line>
      <![CDATA[1 stop via Hyderabad]]>
    </line>
    <line>
      <![CDATA[]]>
    </line>
    <line>
      <![CDATA[]]>
    </line>
    <line>
      <![CDATA[]]>
    </line>
    <line>
      <![CDATA[]]>
    </line>
    <line>
      <![CDATA[test on started]]>
    </line>
    <line>
      <![CDATA[success ]]>
    </line>
    <line>
      <![CDATA[test on started]]>
    </line>
    <line>
      <![CDATA[screenshot failure testselectFlightTest]]>
    </line>
    <line>
      <![CDATA[test on started]]>
    </line>
    <line>
      <![CDATA[success ]]>
    </line>
    <line>
      <![CDATA[test on started]]>
    </line>
    <line>
      <![CDATA[success ]]>
    </line>
  </reporter-output>
  <suite started-at="2023-05-22T11:41:39 IST" name="Master sheet" finished-at="2023-05-22T11:48:53 IST" duration-ms="434137">
    <groups>
    </groups>
    <test started-at="2023-05-22T11:41:39 IST" name="Test" finished-at="2023-05-22T11:48:53 IST" duration-ms="434137">
      <class name="com.makemytrip.testcases.SelectFlightTest">
        <test-method is-config="true" signature="setup(java.lang.String)[pri:0, instance:com.makemytrip.testcases.SelectFlightTest@4efbca5a]" started-at="2023-05-22T11:43:08 IST" name="setup" finished-at="2023-05-22T11:43:17 IST" duration-ms="9326" status="PASS">
          <params>
            <param index="0">
              <value>
                <![CDATA[firefox]]>
              </value>
            </param>
          </params>
          <reporter-output>
          </reporter-output>
        </test-method> <!-- setup -->
        <test-method signature="selectFlightTest(java.lang.String,java.lang.String,java.lang.String)[pri:0, instance:com.makemytrip.testcases.SelectFlightTest@4efbca5a]" started-at="2023-05-22T11:43:17 IST" name="selectFlightTest" data-provider="bvttest" finished-at="2023-05-22T11:43:57 IST" duration-ms="40010" status="PASS">
          <params>
            <param index="0">
              <value>
                <![CDATA[New delhi ]]>
              </value>
            </param>
            <param index="1">
              <value>
                <![CDATA[Bengluru]]>
              </value>
            </param>
            <param index="2">
              <value>
                <![CDATA[Sat Jun 17 2023]]>
              </value>
            </param>
          </params>
          <reporter-output>
            <line>
              <![CDATA[test on started]]>
            </line>
            <line>
              <![CDATA[success ]]>
            </line>
            <line>
              <![CDATA[1 stop via Hyderabad]]>
            </line>
            <line>
              <![CDATA[]]>
            </line>
            <line>
              <![CDATA[]]>
            </line>
            <line>
              <![CDATA[]]>
            </line>
            <line>
              <![CDATA[]]>
            </line>
          </reporter-output>
        </test-method> <!-- selectFlightTest -->
        <test-method is-config="true" signature="tearDown()[pri:0, instance:com.makemytrip.testcases.SelectFlightTest@4efbca5a]" started-at="2023-05-22T11:43:57 IST" name="tearDown" finished-at="2023-05-22T11:44:04 IST" duration-ms="6550" status="PASS">
          <reporter-output>
          </reporter-output>
        </test-method> <!-- tearDown -->
        <test-method is-config="true" signature="setup(java.lang.String)[pri:0, instance:com.makemytrip.testcases.SelectFlightTest@4efbca5a]" started-at="2023-05-22T11:44:04 IST" name="setup" finished-at="2023-05-22T11:44:22 IST" duration-ms="17754" status="PASS">
          <params>
            <param index="0">
              <value>
                <![CDATA[firefox]]>
              </value>
            </param>
          </params>
          <reporter-output>
          </reporter-output>
        </test-method> <!-- setup -->
        <test-method signature="selectFlightTest(java.lang.String,java.lang.String,java.lang.String)[pri:0, instance:com.makemytrip.testcases.SelectFlightTest@4efbca5a]" started-at="2023-05-22T11:44:22 IST" name="selectFlightTest" data-provider="bvttest" finished-at="2023-05-22T11:44:54 IST" duration-ms="32364" status="PASS">
          <params>
            <param index="0">
              <value>
                <![CDATA[Mumbai]]>
              </value>
            </param>
            <param index="1">
              <value>
                <![CDATA[London]]>
              </value>
            </param>
            <param index="2">
              <value>
                <![CDATA[Sun Jun 18 2023]]>
              </value>
            </param>
          </params>
          <reporter-output>
            <line>
              <![CDATA[test on started]]>
            </line>
            <line>
              <![CDATA[success ]]>
            </line>
          </reporter-output>
        </test-method> <!-- selectFlightTest -->
        <test-method is-config="true" signature="tearDown()[pri:0, instance:com.makemytrip.testcases.SelectFlightTest@4efbca5a]" started-at="2023-05-22T11:44:54 IST" name="tearDown" finished-at="2023-05-22T11:45:04 IST" duration-ms="9661" status="PASS">
          <reporter-output>
          </reporter-output>
        </test-method> <!-- tearDown -->
        <test-method is-config="true" signature="setup(java.lang.String)[pri:0, instance:com.makemytrip.testcases.SelectFlightTest@4efbca5a]" started-at="2023-05-22T11:45:04 IST" name="setup" finished-at="2023-05-22T11:45:19 IST" duration-ms="14712" status="PASS">
          <params>
            <param index="0">
              <value>
                <![CDATA[firefox]]>
              </value>
            </param>
          </params>
          <reporter-output>
          </reporter-output>
        </test-method> <!-- setup -->
        <test-method signature="selectFlightTest(java.lang.String,java.lang.String,java.lang.String)[pri:0, instance:com.makemytrip.testcases.SelectFlightTest@4efbca5a]" started-at="2023-05-22T11:45:19 IST" name="selectFlightTest" data-provider="bvttest" finished-at="2023-05-22T11:45:19 IST" duration-ms="746" status="FAIL">
          <params>
            <param index="0">
              <value is-null="true"/>
            </param>
            <param index="1">
              <value is-null="true"/>
            </param>
            <param index="2">
              <value is-null="true"/>
            </param>
          </params>
          <exception class="java.lang.IllegalArgumentException">
            <message>
              <![CDATA[Keys to send should be a not null CharSequence]]>
            </message>
            <full-stacktrace>
              <![CDATA[java.lang.IllegalArgumentException: Keys to send should be a not null CharSequence
at org.openqa.selenium.remote.RemoteWebElement.sendKeys(RemoteWebElement.java:98)
at jdk.internal.reflect.GeneratedMethodAccessor6.invoke(Unknown Source)
at java.base/jdk.internal.reflect.DelegatingMethodAccessorImpl.invoke(DelegatingMethodAccessorImpl.java:43)
at java.base/java.lang.reflect.Method.invoke(Method.java:568)
at org.openqa.selenium.support.pagefactory.internal.LocatingElementHandler.invoke(LocatingElementHandler.java:52)
at jdk.proxy2/jdk.proxy2.$Proxy21.sendKeys(Unknown Source)
at com.makemytrip.pageobjects.HomePage.searchFlight(HomePage.java:37)
at com.makemytrip.testcases.SelectFlightTest.selectFlightTest(SelectFlightTest.java:37)
at java.base/jdk.internal.reflect.NativeMethodAccessorImpl.invoke0(Native Method)
at java.base/jdk.internal.reflect.NativeMethodAccessorImpl.invoke(NativeMethodAccessorImpl.java:77)
at java.base/jdk.internal.reflect.DelegatingMethodAccessorImpl.invoke(DelegatingMethodAccessorImpl.java:43)
at java.base/java.lang.reflect.Method.invoke(Method.java:568)
at org.testng.internal.MethodInvocationHelper.invokeMethod(MethodInvocationHelper.java:133)
at org.testng.internal.TestInvoker.invokeMethod(TestInvoker.java:598)
at org.testng.internal.TestInvoker.invokeTestMethod(TestInvoker.java:173)
at org.testng.internal.MethodRunner.runInSequence(MethodRunner.java:46)
at org.testng.internal.TestInvoker$MethodInvocationAgent.invoke(TestInvoker.java:824)
at org.testng.internal.TestInvoker.invokeTestMethods(TestInvoker.java:146)
at org.testng.internal.TestMethodWorker.invokeTestMethods(TestMethodWorker.java:146)
at org.testng.internal.TestMethodWorker.run(TestMethodWorker.java:128)
at java.base/java.util.ArrayList.forEach(ArrayList.java:1511)
at org.testng.TestRunner.privateRun(TestRunner.java:794)
at org.testng.TestRunner.run(TestRunner.java:596)
at org.testng.SuiteRunner.runTest(SuiteRunner.java:377)
at org.testng.SuiteRunner.runSequentially(SuiteRunner.java:371)
at org.testng.SuiteRunner.privateRun(SuiteRunner.java:332)
at org.testng.SuiteRunner.run(SuiteRunner.java:276)
at org.testng.SuiteRunnerWorker.runSuite(SuiteRunnerWorker.java:53)
at org.testng.SuiteRunnerWorker.run(SuiteRunnerWorker.java:96)
at org.testng.TestNG.runSuitesSequentially(TestNG.java:1212)
at org.testng.TestNG.runSuitesLocally(TestNG.java:1134)
at org.testng.TestNG.runSuites(TestNG.java:1063)
at org.testng.TestNG.run(TestNG.java:1031)
at org.testng.remote.AbstractRemoteTestNG.run(AbstractRemoteTestNG.java:115)
at org.testng.remote.RemoteTestNG.initAndRun(RemoteTestNG.java:251)
at org.testng.remote.RemoteTestNG.main(RemoteTestNG.java:77)
]]>
            </full-stacktrace>
          </exception> <!-- java.lang.IllegalArgumentException -->
          <reporter-output>
            <line>
              <![CDATA[test on started]]>
            </line>
            <line>
              <![CDATA[screenshot failure testselectFlightTest]]>
            </line>
          </reporter-output>
        </test-method> <!-- selectFlightTest -->
        <test-method is-config="true" signature="tearDown()[pri:0, instance:com.makemytrip.testcases.SelectFlightTest@4efbca5a]" started-at="2023-05-22T11:45:20 IST" name="tearDown" finished-at="2023-05-22T11:45:29 IST" duration-ms="8900" status="PASS">
          <reporter-output>
          </reporter-output>
        </test-method> <!-- tearDown -->
      </class> <!-- com.makemytrip.testcases.SelectFlightTest -->
      <class name="com.makemytrip.testcases.HomePageTest">
        <test-method is-config="true" signature="loadConfig()[pri:0, instance:com.makemytrip.testcases.HomePageTest@1623b78d]" started-at="2023-05-22T11:41:39 IST" name="loadConfig" finished-at="2023-05-22T11:41:39 IST" duration-ms="497" status="PASS">
          <reporter-output>
          </reporter-output>
        </test-method> <!-- loadConfig -->
        <test-method is-config="true" signature="setup(java.lang.String)[pri:0, instance:com.makemytrip.testcases.HomePageTest@1623b78d]" started-at="2023-05-22T11:41:40 IST" name="setup" finished-at="2023-05-22T11:42:01 IST" duration-ms="21309" status="PASS">
          <params>
            <param index="0">
              <value>
                <![CDATA[firefox]]>
              </value>
            </param>
          </params>
          <reporter-output>
          </reporter-output>
        </test-method> <!-- setup -->
        <test-method signature="homePageTest(java.lang.String,java.lang.String)[pri:0, instance:com.makemytrip.testcases.HomePageTest@1623b78d]" started-at="2023-05-22T11:42:01 IST" name="homePageTest" data-provider="bvttest" finished-at="2023-05-22T11:42:16 IST" duration-ms="15183" status="PASS">
          <params>
            <param index="0">
              <value>
                <![CDATA[New delhi ]]>
              </value>
            </param>
            <param index="1">
              <value>
                <![CDATA[Bengluru]]>
              </value>
            </param>
          </params>
          <reporter-output>
            <line>
              <![CDATA[test on started]]>
            </line>
            <line>
              <![CDATA[Page Title is MakeMyTrip - #1 Travel Website 50% OFF on Hotels, Flights & Holiday]]>
            </line>
          </reporter-output>
        </test-method> <!-- homePageTest -->
        <test-method is-config="true" signature="tearDown()[pri:0, instance:com.makemytrip.testcases.HomePageTest@1623b78d]" started-at="2023-05-22T11:42:16 IST" name="tearDown" finished-at="2023-05-22T11:42:20 IST" duration-ms="3681" status="PASS">
          <reporter-output>
          </reporter-output>
        </test-method> <!-- tearDown -->
        <test-method is-config="true" signature="setup(java.lang.String)[pri:0, instance:com.makemytrip.testcases.HomePageTest@1623b78d]" started-at="2023-05-22T11:42:20 IST" name="setup" finished-at="2023-05-22T11:42:42 IST" duration-ms="22067" status="PASS">
          <params>
            <param index="0">
              <value>
                <![CDATA[firefox]]>
              </value>
            </param>
          </params>
          <reporter-output>
          </reporter-output>
        </test-method> <!-- setup -->
        <test-method signature="homePageTest(java.lang.String,java.lang.String)[pri:0, instance:com.makemytrip.testcases.HomePageTest@1623b78d]" started-at="2023-05-22T11:42:42 IST" name="homePageTest" data-provider="bvttest" finished-at="2023-05-22T11:42:52 IST" duration-ms="9690" status="PASS">
          <params>
            <param index="0">
              <value>
                <![CDATA[Mumbai]]>
              </value>
            </param>
            <param index="1">
              <value>
                <![CDATA[London]]>
              </value>
            </param>
          </params>
          <reporter-output>
            <line>
              <![CDATA[test on started]]>
            </line>
            <line>
              <![CDATA[Page Title is MakeMyTrip - #1 Travel Website 50% OFF on Hotels, Flights & Holiday]]>
            </line>
          </reporter-output>
        </test-method> <!-- homePageTest -->
        <test-method is-config="true" signature="tearDown()[pri:0, instance:com.makemytrip.testcases.HomePageTest@1623b78d]" started-at="2023-05-22T11:42:52 IST" name="tearDown" finished-at="2023-05-22T11:42:54 IST" duration-ms="2479" status="PASS">
          <reporter-output>
          </reporter-output>
        </test-method> <!-- tearDown -->
        <test-method is-config="true" signature="setup(java.lang.String)[pri:0, instance:com.makemytrip.testcases.HomePageTest@1623b78d]" started-at="2023-05-22T11:42:54 IST" name="setup" finished-at="2023-05-22T11:43:04 IST" duration-ms="9561" status="PASS">
          <params>
            <param index="0">
              <value>
                <![CDATA[firefox]]>
              </value>
            </param>
          </params>
          <reporter-output>
          </reporter-output>
        </test-method> <!-- setup -->
        <test-method signature="homePageTest(java.lang.String,java.lang.String)[pri:0, instance:com.makemytrip.testcases.HomePageTest@1623b78d]" started-at="2023-05-22T11:43:04 IST" name="homePageTest" data-provider="bvttest" finished-at="2023-05-22T11:43:04 IST" duration-ms="261" status="FAIL">
          <params>
            <param index="0">
              <value is-null="true"/>
            </param>
            <param index="1">
              <value is-null="true"/>
            </param>
          </params>
          <exception class="org.openqa.selenium.NoSuchElementException">
            <message>
              <![CDATA[Unable to locate element: #fromCity
For documentation on this error, please visit: https://selenium.dev/exceptions/#no_such_element
Build info: version: '4.8.0', revision: '267030adea'
System info: os.name: 'Windows 11', os.arch: 'amd64', os.version: '10.0', java.version: '17.0.6'
Driver info: org.openqa.selenium.firefox.FirefoxDriver
Command: [7098ed18-eeff-4af8-b900-8fa355141236, findElement {using=id, value=fromCity}]
Capabilities {acceptInsecureCerts: true, browserName: firefox, browserVersion: 113.0.1, moz:accessibilityChecks: false, moz:buildID: 20230511191846, moz:debuggerAddress: 127.0.0.1:42892, moz:geckodriverVersion: 0.33.0, moz:headless: false, moz:platformVersion: 10.0, moz:processID: 14540, moz:profile: C:\Users\Admin\AppData\Loca..., moz:shutdownTimeout: 60000, moz:useNonSpecCompliantPointerOrigin: false, moz:webdriverClick: true, moz:windowless: false, pageLoadStrategy: normal, platformName: WINDOWS, proxy: Proxy(), se:cdp: ws://127.0.0.1:42892/devtoo..., se:cdpVersion: 85.0, setWindowRect: true, strictFileInteractability: false, timeouts: {implicit: 0, pageLoad: 300000, script: 30000}, unhandledPromptBehavior: dismiss and notify}
Session ID: 7098ed18-eeff-4af8-b900-8fa355141236]]>
            </message>
            <full-stacktrace>
              <![CDATA[org.openqa.selenium.NoSuchElementException: Unable to locate element: #fromCity
For documentation on this error, please visit: https://selenium.dev/exceptions/#no_such_element
Build info: version: '4.8.0', revision: '267030adea'
System info: os.name: 'Windows 11', os.arch: 'amd64', os.version: '10.0', java.version: '17.0.6'
Driver info: org.openqa.selenium.firefox.FirefoxDriver
Command: [7098ed18-eeff-4af8-b900-8fa355141236, findElement {using=id, value=fromCity}]
Capabilities {acceptInsecureCerts: true, browserName: firefox, browserVersion: 113.0.1, moz:accessibilityChecks: false, moz:buildID: 20230511191846, moz:debuggerAddress: 127.0.0.1:42892, moz:geckodriverVersion: 0.33.0, moz:headless: false, moz:platformVersion: 10.0, moz:processID: 14540, moz:profile: C:\Users\Admin\AppData\Loca..., moz:shutdownTimeout: 60000, moz:useNonSpecCompliantPointerOrigin: false, moz:webdriverClick: true, moz:windowless: false, pageLoadStrategy: normal, platformName: WINDOWS, proxy: Proxy(), se:cdp: ws://127.0.0.1:42892/devtoo..., se:cdpVersion: 85.0, setWindowRect: true, strictFileInteractability: false, timeouts: {implicit: 0, pageLoad: 300000, script: 30000}, unhandledPromptBehavior: dismiss and notify}
Session ID: 7098ed18-eeff-4af8-b900-8fa355141236
at java.base/jdk.internal.reflect.NativeConstructorAccessorImpl.newInstance0(Native Method)
at java.base/jdk.internal.reflect.NativeConstructorAccessorImpl.newInstance(NativeConstructorAccessorImpl.java:77)
at java.base/jdk.internal.reflect.DelegatingConstructorAccessorImpl.newInstance(DelegatingConstructorAccessorImpl.java:45)
at java.base/java.lang.reflect.Constructor.newInstanceWithCaller(Constructor.java:499)
at java.base/java.lang.reflect.Constructor.newInstance(Constructor.java:480)
at org.openqa.selenium.remote.codec.w3c.W3CHttpResponseCodec.createException(W3CHttpResponseCodec.java:200)
at org.openqa.selenium.remote.codec.w3c.W3CHttpResponseCodec.decode(W3CHttpResponseCodec.java:133)
at org.openqa.selenium.remote.codec.w3c.W3CHttpResponseCodec.decode(W3CHttpResponseCodec.java:53)
at org.openqa.selenium.remote.HttpCommandExecutor.execute(HttpCommandExecutor.java:184)
at org.openqa.selenium.remote.service.DriverCommandExecutor.invokeExecute(DriverCommandExecutor.java:167)
at org.openqa.selenium.remote.service.DriverCommandExecutor.execute(DriverCommandExecutor.java:142)
at org.openqa.selenium.remote.RemoteWebDriver.execute(RemoteWebDriver.java:543)
at org.openqa.selenium.remote.ElementLocation$ElementFinder$2.findElement(ElementLocation.java:162)
at org.openqa.selenium.remote.ElementLocation.findElement(ElementLocation.java:66)
at org.openqa.selenium.remote.RemoteWebDriver.findElement(RemoteWebDriver.java:352)
at org.openqa.selenium.remote.RemoteWebDriver.findElement(RemoteWebDriver.java:344)
at org.openqa.selenium.support.pagefactory.DefaultElementLocator.findElement(DefaultElementLocator.java:70)
at org.openqa.selenium.support.pagefactory.internal.LocatingElementHandler.invoke(LocatingElementHandler.java:39)
at jdk.proxy2/jdk.proxy2.$Proxy21.click(Unknown Source)
at com.makemytrip.pageobjects.HomePage.searchFlight(HomePage.java:36)
at com.makemytrip.testcases.HomePageTest.homePageTest(HomePageTest.java:34)
at java.base/jdk.internal.reflect.NativeMethodAccessorImpl.invoke0(Native Method)
at java.base/jdk.internal.reflect.NativeMethodAccessorImpl.invoke(NativeMethodAccessorImpl.java:77)
at java.base/jdk.internal.reflect.DelegatingMethodAccessorImpl.invoke(DelegatingMethodAccessorImpl.java:43)
at java.base/java.lang.reflect.Method.invoke(Method.java:568)
at org.testng.internal.MethodInvocationHelper.invokeMethod(MethodInvocationHelper.java:133)
at org.testng.internal.TestInvoker.invokeMethod(TestInvoker.java:598)
at org.testng.internal.TestInvoker.invokeTestMethod(TestInvoker.java:173)
at org.testng.internal.MethodRunner.runInSequence(MethodRunner.java:46)
at org.testng.internal.TestInvoker$MethodInvocationAgent.invoke(TestInvoker.java:824)
at org.testng.internal.TestInvoker.invokeTestMethods(TestInvoker.java:146)
at org.testng.internal.TestMethodWorker.invokeTestMethods(TestMethodWorker.java:146)
at org.testng.internal.TestMethodWorker.run(TestMethodWorker.java:128)
at java.base/java.util.ArrayList.forEach(ArrayList.java:1511)
at org.testng.TestRunner.privateRun(TestRunner.java:794)
at org.testng.TestRunner.run(TestRunner.java:596)
at org.testng.SuiteRunner.runTest(SuiteRunner.java:377)
at org.testng.SuiteRunner.runSequentially(SuiteRunner.java:371)
at org.testng.SuiteRunner.privateRun(SuiteRunner.java:332)
at org.testng.SuiteRunner.run(SuiteRunner.java:276)
at org.testng.SuiteRunnerWorker.runSuite(SuiteRunnerWorker.java:53)
at org.testng.SuiteRunnerWorker.run(SuiteRunnerWorker.java:96)
at org.testng.TestNG.runSuitesSequentially(TestNG.java:1212)
at org.testng.TestNG.runSuitesLocally(TestNG.java:1134)
at org.testng.TestNG.runSuites(TestNG.java:1063)
at org.testng.TestNG.run(TestNG.java:1031)
at org.testng.remote.AbstractRemoteTestNG.run(AbstractRemoteTestNG.java:115)
at org.testng.remote.RemoteTestNG.initAndRun(RemoteTestNG.java:251)
at org.testng.remote.RemoteTestNG.main(RemoteTestNG.java:77)
]]>
            </full-stacktrace>
          </exception> <!-- org.openqa.selenium.NoSuchElementException -->
          <reporter-output>
            <line>
              <![CDATA[test on started]]>
            </line>
            <line>
              <![CDATA[Page Title is MakeMyTrip - #1 Travel Website 50% OFF on Hotels, Flights & Holiday]]>
            </line>
            <line>
              <![CDATA[screenshot failure testhomePageTest]]>
            </line>
          </reporter-output>
        </test-method> <!-- homePageTest -->
        <test-method is-config="true" signature="tearDown()[pri:0, instance:com.makemytrip.testcases.HomePageTest@1623b78d]" started-at="2023-05-22T11:43:05 IST" name="tearDown" finished-at="2023-05-22T11:43:08 IST" duration-ms="3171" status="PASS">
          <reporter-output>
          </reporter-output>
        </test-method> <!-- tearDown -->
        <test-method is-config="true" signature="closeBrowser()[pri:0, instance:com.makemytrip.testcases.HomePageTest@1623b78d]" started-at="2023-05-22T11:48:54 IST" name="closeBrowser" finished-at="2023-05-22T11:48:54 IST" duration-ms="2" status="FAIL">
          <exception class="org.openqa.selenium.NoSuchSessionException">
            <message>
              <![CDATA[Tried to run command without establishing a connection
Build info: version: '4.8.0', revision: '267030adea'
System info: os.name: 'Windows 11', os.arch: 'amd64', os.version: '10.0', java.version: '17.0.6'
Driver info: org.openqa.selenium.firefox.FirefoxDriver
Command: [e9b91d01-98d4-4fa6-8830-2e9e30ce9d2d, close {}]
Capabilities {acceptInsecureCerts: true, browserName: firefox, browserVersion: 113.0.1, moz:accessibilityChecks: false, moz:buildID: 20230511191846, moz:debuggerAddress: 127.0.0.1:9358, moz:geckodriverVersion: 0.33.0, moz:headless: false, moz:platformVersion: 10.0, moz:processID: 28136, moz:profile: C:\Users\Admin\AppData\Loca..., moz:shutdownTimeout: 60000, moz:useNonSpecCompliantPointerOrigin: false, moz:webdriverClick: true, moz:windowless: false, pageLoadStrategy: normal, platformName: WINDOWS, proxy: Proxy(), se:cdp: ws://127.0.0.1:9358/devtool..., se:cdpVersion: 85.0, setWindowRect: true, strictFileInteractability: false, timeouts: {implicit: 0, pageLoad: 300000, script: 30000}, unhandledPromptBehavior: dismiss and notify}
Session ID: e9b91d01-98d4-4fa6-8830-2e9e30ce9d2d]]>
            </message>
            <full-stacktrace>
              <![CDATA[org.openqa.selenium.NoSuchSessionException: Tried to run command without establishing a connection
Build info: version: '4.8.0', revision: '267030adea'
System info: os.name: 'Windows 11', os.arch: 'amd64', os.version: '10.0', java.version: '17.0.6'
Driver info: org.openqa.selenium.firefox.FirefoxDriver
Command: [e9b91d01-98d4-4fa6-8830-2e9e30ce9d2d, close {}]
Capabilities {acceptInsecureCerts: true, browserName: firefox, browserVersion: 113.0.1, moz:accessibilityChecks: false, moz:buildID: 20230511191846, moz:debuggerAddress: 127.0.0.1:9358, moz:geckodriverVersion: 0.33.0, moz:headless: false, moz:platformVersion: 10.0, moz:processID: 28136, moz:profile: C:\Users\Admin\AppData\Loca..., moz:shutdownTimeout: 60000, moz:useNonSpecCompliantPointerOrigin: false, moz:webdriverClick: true, moz:windowless: false, pageLoadStrategy: normal, platformName: WINDOWS, proxy: Proxy(), se:cdp: ws://127.0.0.1:9358/devtool..., se:cdpVersion: 85.0, setWindowRect: true, strictFileInteractability: false, timeouts: {implicit: 0, pageLoad: 300000, script: 30000}, unhandledPromptBehavior: dismiss and notify}
Session ID: e9b91d01-98d4-4fa6-8830-2e9e30ce9d2d
at java.base/jdk.internal.reflect.NativeConstructorAccessorImpl.newInstance0(Native Method)
at java.base/jdk.internal.reflect.NativeConstructorAccessorImpl.newInstance(NativeConstructorAccessorImpl.java:77)
at java.base/jdk.internal.reflect.DelegatingConstructorAccessorImpl.newInstance(DelegatingConstructorAccessorImpl.java:45)
at java.base/java.lang.reflect.Constructor.newInstanceWithCaller(Constructor.java:499)
at java.base/java.lang.reflect.Constructor.newInstance(Constructor.java:480)
at org.openqa.selenium.remote.codec.w3c.W3CHttpResponseCodec.createException(W3CHttpResponseCodec.java:200)
at org.openqa.selenium.remote.codec.w3c.W3CHttpResponseCodec.decode(W3CHttpResponseCodec.java:133)
at org.openqa.selenium.remote.codec.w3c.W3CHttpResponseCodec.decode(W3CHttpResponseCodec.java:53)
at org.openqa.selenium.remote.HttpCommandExecutor.execute(HttpCommandExecutor.java:184)
at org.openqa.selenium.remote.service.DriverCommandExecutor.invokeExecute(DriverCommandExecutor.java:167)
at org.openqa.selenium.remote.service.DriverCommandExecutor.execute(DriverCommandExecutor.java:142)
at org.openqa.selenium.remote.RemoteWebDriver.execute(RemoteWebDriver.java:543)
at org.openqa.selenium.remote.RemoteWebDriver.execute(RemoteWebDriver.java:598)
at org.openqa.selenium.remote.RemoteWebDriver.execute(RemoteWebDriver.java:602)
at org.openqa.selenium.remote.RemoteWebDriver.close(RemoteWebDriver.java:419)
at com.makemytrip.base.BaseClass.closeBrowser(BaseClass.java:56)
at java.base/jdk.internal.reflect.NativeMethodAccessorImpl.invoke0(Native Method)
at java.base/jdk.internal.reflect.NativeMethodAccessorImpl.invoke(NativeMethodAccessorImpl.java:77)
at java.base/jdk.internal.reflect.DelegatingMethodAccessorImpl.invoke(DelegatingMethodAccessorImpl.java:43)
at java.base/java.lang.reflect.Method.invoke(Method.java:568)
at org.testng.internal.MethodInvocationHelper.invokeMethod(MethodInvocationHelper.java:133)
at org.testng.internal.MethodInvocationHelper.invokeMethodConsideringTimeout(MethodInvocationHelper.java:62)
at org.testng.internal.ConfigInvoker.invokeConfigurationMethod(ConfigInvoker.java:385)
at org.testng.internal.ConfigInvoker.invokeConfigurations(ConfigInvoker.java:321)
at org.testng.SuiteRunner.privateRun(SuiteRunner.java:344)
at org.testng.SuiteRunner.run(SuiteRunner.java:276)
at org.testng.SuiteRunnerWorker.runSuite(SuiteRunnerWorker.java:53)
at org.testng.SuiteRunnerWorker.run(SuiteRunnerWorker.java:96)
at org.testng.TestNG.runSuitesSequentially(TestNG.java:1212)
at org.testng.TestNG.runSuitesLocally(TestNG.java:1134)
at org.testng.TestNG.runSuites(TestNG.java:1063)
at org.testng.TestNG.run(TestNG.java:1031)
at org.testng.remote.AbstractRemoteTestNG.run(AbstractRemoteTestNG.java:115)
at org.testng.remote.RemoteTestNG.initAndRun(RemoteTestNG.java:251)
at org.testng.remote.RemoteTestNG.main(RemoteTestNG.java:77)
]]>
            </full-stacktrace>
          </exception> <!-- org.openqa.selenium.NoSuchSessionException -->
          <reporter-output>
          </reporter-output>
        </test-method> <!-- closeBrowser -->
      </class> <!-- com.makemytrip.testcases.HomePageTest -->
      <class name="com.makemytrip.testcases.SearchDateTest">
        <test-method is-config="true" signature="setup(java.lang.String)[pri:0, instance:com.makemytrip.testcases.SearchDateTest@1b7cc17c]" started-at="2023-05-22T11:45:29 IST" name="setup" finished-at="2023-05-22T11:45:38 IST" duration-ms="9371" status="PASS">
          <params>
            <param index="0">
              <value>
                <![CDATA[firefox]]>
              </value>
            </param>
          </params>
          <reporter-output>
          </reporter-output>
        </test-method> <!-- setup -->
        <test-method signature="searchDate(java.lang.String,java.lang.String,java.lang.String)[pri:0, instance:com.makemytrip.testcases.SearchDateTest@1b7cc17c]" started-at="2023-05-22T11:45:38 IST" name="searchDate" data-provider="test1" finished-at="2023-05-22T11:46:21 IST" duration-ms="42698" status="PASS">
          <params>
            <param index="0">
              <value>
                <![CDATA[Delhi]]>
              </value>
            </param>
            <param index="1">
              <value>
                <![CDATA[new york]]>
              </value>
            </param>
            <param index="2">
              <value>
                <![CDATA[Sat Jun 17 2023]]>
              </value>
            </param>
          </params>
          <reporter-output>
            <line>
              <![CDATA[test on started]]>
            </line>
            <line>
              <![CDATA[success ]]>
            </line>
          </reporter-output>
        </test-method> <!-- searchDate -->
        <test-method is-config="true" signature="tearDown()[pri:0, instance:com.makemytrip.testcases.SearchDateTest@1b7cc17c]" started-at="2023-05-22T11:46:21 IST" name="tearDown" finished-at="2023-05-22T11:46:25 IST" duration-ms="3847" status="PASS">
          <reporter-output>
          </reporter-output>
        </test-method> <!-- tearDown -->
        <test-method is-config="true" signature="setup(java.lang.String)[pri:0, instance:com.makemytrip.testcases.SearchDateTest@1b7cc17c]" started-at="2023-05-22T11:46:25 IST" name="setup" finished-at="2023-05-22T11:46:40 IST" duration-ms="15346" status="PASS">
          <params>
            <param index="0">
              <value>
                <![CDATA[firefox]]>
              </value>
            </param>
          </params>
          <reporter-output>
          </reporter-output>
        </test-method> <!-- setup -->
        <test-method signature="searchDate(java.lang.String,java.lang.String,java.lang.String)[pri:0, instance:com.makemytrip.testcases.SearchDateTest@1b7cc17c]" started-at="2023-05-22T11:46:40 IST" name="searchDate" data-provider="test1" finished-at="2023-05-22T11:48:34 IST" duration-ms="113999" status="PASS">
          <params>
            <param index="0">
              <value>
                <![CDATA[Mumbai]]>
              </value>
            </param>
            <param index="1">
              <value>
                <![CDATA[London]]>
              </value>
            </param>
            <param index="2">
              <value>
                <![CDATA[Sun Jun 18 2023]]>
              </value>
            </param>
          </params>
          <reporter-output>
            <line>
              <![CDATA[test on started]]>
            </line>
            <line>
              <![CDATA[success ]]>
            </line>
          </reporter-output>
        </test-method> <!-- searchDate -->
        <test-method is-config="true" signature="tearDown()[pri:0, instance:com.makemytrip.testcases.SearchDateTest@1b7cc17c]" started-at="2023-05-22T11:48:34 IST" name="tearDown" finished-at="2023-05-22T11:48:53 IST" duration-ms="18907" status="PASS">
          <reporter-output>
          </reporter-output>
        </test-method> <!-- tearDown -->
      </class> <!-- com.makemytrip.testcases.SearchDateTest -->
    </test> <!-- Test -->
  </suite> <!-- Master sheet -->
</testng-results>
